This is METAFONT, Version 2.7182818 (TeX Live 2015/Parabola) (preloaded base=mf 2016.4.26)  30 MAY 2016 01:49
**f91dfa3e858848589dd9cd7e56afd868.png /home/god/pic/nsa.png
(f91dfa3e858848589dd9cd7e56afd868.png
! Text line contains an invalid character.
l.1 ‰
     PNG
? 
! Interruption.
<to be read again> 
                   PNG
l.1 ‰PNG
        
? 
! Text line contains an invalid character.
l.2 ^^Z
       
? q
OK, entering batchmode...
! Text line contains an invalid character.
l.3 ^^@
       ^^@^^@
A funny symbol that I can't read has just been input.
Continue, and I'll forget that it ever happened.

! Text line contains an invalid character.
l.3 ^^@^^@
          ^^@
A funny symbol that I can't read has just been input.
Continue, and I'll forget that it ever happened.

! Text line contains an invalid character.
l.3 ^^@^^@^^@
             
A funny symbol that I can't read has just been input.
Continue, and I'll forget that it ever happened.

! Text line contains an invalid character.
l.4 IHDR^^@
           ^^@^^A^^@^^@^^A^^H^^F^^@^^@^^@€¿6Ì^^@^^@^^A)iCCPicc^^@^^@xÚ•‘¿J...
A funny symbol that I can't read has just been input.
Continue, and I'll forget that it ever happened.

! Text line contains an invalid character.
l.4 IHDR^^@^^@
              ^^A^^@^^@^^A^^H^^F^^@^^@^^@€¿6Ì^^@^^@^^A)iCCPicc^^@^^@xÚ•‘¿J...
A funny symbol that I can't read has just been input.
Continue, and I'll forget that it ever happened.

! Text line contains an invalid character.
l.4 IHDR^^@^^@^^A
                 ^^@^^@^^A^^H^^F^^@^^@^^@€¿6Ì^^@^^@^^A)iCCPicc^^@^^@xÚ•‘¿J...
A funny symbol that I can't read has just been input.
Continue, and I'll forget that it ever happened.

! Text line contains an invalid character.
l.4 IHDR^^@^^@^^A
                  ^^@^^@^^A^^H^^F^^@^^@^^@€¿6Ì^^@^^@^^A)iCCPicc^^@^^@xÚ•‘¿J...
A funny symbol that I can't read has just been input.
Continue, and I'll forget that it ever happened.

! Text line contains an invalid character.
l.4 IHDR^^@^^@^^A^^@
                     ^^@^^A^^H^^F^^@^^@^^@€¿6Ì^^@^^@^^A)iCCPicc^^@^^@xÚ•‘¿J...
A funny symbol that I can't read has just been input.
Continue, and I'll forget that it ever happened.

! Text line contains an invalid character.
l.4 IHDR^^@^^@^^A^^@^^@
                        ^^A^^H^^F^^@^^@^^@€¿6Ì^^@^^@^^A)iCCPicc^^@^^@xÚ•‘¿J...
A funny symbol that I can't read has just been input.
Continue, and I'll forget that it ever happened.

! Text line contains an invalid character.
l.4 IHDR^^@^^@^^A^^@^^@^^A
                           ^^H^^F^^@^^@^^@€¿6Ì^^@^^@^^A)iCCPicc^^@^^@xÚ•‘¿J...
A funny symbol that I can't read has just been input.
Continue, and I'll forget that it ever happened.

! Text line contains an invalid character.
l.4 IHDR^^@^^@^^A^^@^^@^^A
                            ^^H^^F^^@^^@^^@€¿6Ì^^@^^@^^A)iCCPicc^^@^^@xÚ•‘¿J...
A funny symbol that I can't read has just been input.
Continue, and I'll forget that it ever happened.

! Text line contains an invalid character.
l.4 IHDR^^@^^@^^A^^@^^@^^A^^H
                               ^^F^^@^^@^^@€¿6Ì^^@^^@^^A)iCCPicc^^@^^@xÚ•‘¿J...
A funny symbol that I can't read has just been input.
Continue, and I'll forget that it ever happened.

! Text line contains an invalid character.
l.4 IHDR^^@^^@^^A^^@^^@^^A^^H^^F
                                  ^^@^^@^^@€¿6Ì^^@^^@^^A)iCCPicc^^@^^@xÚ•‘¿J...
A funny symbol that I can't read has just been input.
Continue, and I'll forget that it ever happened.

! Text line contains an invalid character.
l.4 IHDR^^@^^@^^A^^@^^@^^A^^H^^F^^@
                                     ^^@^^@€¿6Ì^^@^^@^^A)iCCPicc^^@^^@xÚ•‘¿J...
A funny symbol that I can't read has just been input.
Continue, and I'll forget that it ever happened.

! Text line contains an invalid character.
l.4 IHDR^^@^^@^^A^^@^^@^^A^^H^^F^^@^^@
                                        ^^@€¿6Ì^^@^^@^^A)iCCPicc^^@^^@xÚ•‘¿J...
A funny symbol that I can't read has just been input.
Continue, and I'll forget that it ever happened.

! Text line contains an invalid character.
l.4 IHDR^^@^^@^^A^^@^^@^^A^^H^^F^^@^^@^^@
                                           €¿6Ì^^@^^@^^A)iCCPicc^^@^^@xÚ•‘¿J...
A funny symbol that I can't read has just been input.
Continue, and I'll forget that it ever happened.

! Text line contains an invalid character.
l.4 IHDR^^@^^@^^A^^@^^@^^A^^H^^F^^@^^@^^@€
                                            ¿6Ì^^@^^@^^A)iCCPicc^^@^^@xÚ•‘¿J...
A funny symbol that I can't read has just been input.
Continue, and I'll forget that it ever happened.

! Text line contains an invalid character.
l.4 IHDR^^@^^@^^A^^@^^@^^A^^H^^F^^@^^@^^@€¿
                                             6Ì^^@^^@^^A)iCCPicc^^@^^@xÚ•‘¿J...
A funny symbol that I can't read has just been input.
Continue, and I'll forget that it ever happened.

! Text line contains an invalid character.
l.4 IHDR^^@^^@^^A^^@^^@^^A^^H^^F^^@^^@^^@€¿6Ì
                                               ^^@^^@^^A)iCCPicc^^@^^@xÚ•‘¿J...
A funny symbol that I can't read has just been input.
Continue, and I'll forget that it ever happened.

! Text line contains an invalid character.
l.4 IHDR^^@^^@^^A^^@^^@^^A^^H^^F^^@^^@^^@€¿6Ì^^@
                                                  ^^@^^A)iCCPicc^^@^^@xÚ•‘¿J...
A funny symbol that I can't read has just been input.
Continue, and I'll forget that it ever happened.

! Text line contains an invalid character.
l.4 ...@^^@^^A^^@^^@^^A^^H^^F^^@^^@^^@€¿6Ì^^@^^@
                                                  ^^A)iCCPicc^^@^^@xÚ•‘¿JÃP^...
A funny symbol that I can't read has just been input.
Continue, and I'll forget that it ever happened.

! Text line contains an invalid character.
l.4 ...@^^A^^@^^@^^A^^H^^F^^@^^@^^@€¿6Ì^^@^^@^^A
                                                  )iCCPicc^^@^^@xÚ•‘¿JÃP^^T‡...
A funny symbol that I can't read has just been input.
Continue, and I'll forget that it ever happened.

>> PNG.IHDR6
! Isolated expression.
<to be read again> 
                   )
l.4 ...^^A^^@^^@^^A^^H^^F^^@^^@^^@€¿6Ì^^@^^@^^A)
                                                  iCCPicc^^@^^@xÚ•‘¿JÃP^^T‡¿...
I couldn't find an `=' or `:=' after the
expression that is shown above this error message,
so I guess I'll just ignore it and carry on.

! Extra tokens will be flushed.
<to be read again> 
                   )
l.4 ...^^A^^@^^@^^A^^H^^F^^@^^@^^@€¿6Ì^^@^^@^^A)
                                                  iCCPicc^^@^^@xÚ•‘¿JÃP^^T‡¿...
I've just read as much of that statement as I could fathom,
so a semicolon should have been next. It's very puzzling...
but I'll try to get myself back together, by ignoring
everything up to the next `;'. Please insert a semicolon
now in front of anything that you don't want me to delete.
(See Chapter 27 of The METAFONTbook for an example.)

! Text line contains an invalid character.
l.4 ...^^A^^H^^F^^@^^@^^@€¿6Ì^^@^^@^^A)iCCPicc^^@
                                                  ^^@xÚ•‘¿JÃP^^T‡¿^^[EÅ¡V^^H...
A funny symbol that I can't read has just been input.
Continue, and I'll forget that it ever happened.

! Text line contains an invalid character.
l.4 ...^^H^^F^^@^^@^^@€¿6Ì^^@^^@^^A)iCCPicc^^@^^@
                                                  xÚ•‘¿JÃP^^T‡¿^^[EÅ¡V^^Hâàp...
A funny symbol that I can't read has just been input.
Continue, and I'll forget that it ever happened.

! Text line contains an invalid character.
l.4 ...^H^^F^^@^^@^^@€¿6Ì^^@^^@^^A)iCCPicc^^@^^@xÚ
                                                  •‘¿JÃP^^T‡¿^^[EÅ¡V^^Hâàp'Q...
A funny symbol that I can't read has just been input.
Continue, and I'll forget that it ever happened.

! Text line contains an invalid character.
l.4 ...H^^F^^@^^@^^@€¿6Ì^^@^^@^^A)iCCPicc^^@^^@xÚ•
                                                  ‘¿JÃP^^T‡¿^^[EÅ¡V^^Hâàp'QP...
A funny symbol that I can't read has just been input.
Continue, and I'll forget that it ever happened.

! Text line contains an invalid character.
l.4 ...^^F^^@^^@^^@€¿6Ì^^@^^@^^A)iCCPicc^^@^^@xÚ•‘
                                                  ¿JÃP^^T‡¿^^[EÅ¡V^^Hâàp'QPl...
A funny symbol that I can't read has just been input.
Continue, and I'll forget that it ever happened.

! Text line contains an invalid character.
l.4 ...^F^^@^^@^^@€¿6Ì^^@^^@^^A)iCCPicc^^@^^@xÚ•‘¿
                                                  JÃP^^T‡¿^^[EÅ¡V^^Hâàp'QPlÕ...
A funny symbol that I can't read has just been input.
Continue, and I'll forget that it ever happened.

! Text line contains an invalid character.
l.4 ...^^@^^@^^@€¿6Ì^^@^^@^^A)iCCPicc^^@^^@xÚ•‘¿JÃ
                                                  P^^T‡¿^^[EÅ¡V^^Hâàp'QPlÕÁŒ...
A funny symbol that I can't read has just been input.
Continue, and I'll forget that it ever happened.

! Text line contains an invalid character.
l.4 ...^@^^@€¿6Ì^^@^^@^^A)iCCPicc^^@^^@xÚ•‘¿JÃP^^T
                                                  ‡¿^^[EÅ¡V^^Hâàp'QPlÕÁŒI[Š ...
A funny symbol that I can't read has just been input.
Continue, and I'll forget that it ever happened.

! Text line contains an invalid character.
l.4 ...@^^@€¿6Ì^^@^^@^^A)iCCPicc^^@^^@xÚ•‘¿JÃP^^T‡
                                                  ¿^^[EÅ¡V^^Hâàp'QPlÕÁŒI[Š X...
A funny symbol that I can't read has just been input.
Continue, and I'll forget that it ever happened.

! Text line contains an invalid character.
l.4 ...^^@€¿6Ì^^@^^@^^A)iCCPicc^^@^^@xÚ•‘¿JÃP^^T‡¿
                                                  ^^[EÅ¡V^^Hâàp'QPlÕÁŒI[Š X«...
A funny symbol that I can't read has just been input.
Continue, and I'll forget that it ever happened.

! Text line contains an invalid character.
l.4 ...€¿6Ì^^@^^@^^A)iCCPicc^^@^^@xÚ•‘¿JÃP^^T‡¿^^[
                                                  EÅ¡V^^Hâàp'QPlÕÁŒI[Š X«C’­...
A funny symbol that I can't read has just been input.
Continue, and I'll forget that it ever happened.

! Text line contains an invalid character.
l.4 ...6Ì^^@^^@^^A)iCCPicc^^@^^@xÚ•‘¿JÃP^^T‡¿^^[EÅ
                                                  ¡V^^Hâàp'QPlÕÁŒI[Š X«C’­IC...
A funny symbol that I can't read has just been input.
Continue, and I'll forget that it ever happened.

! Text line contains an invalid character.
l.4 ...Ì^^@^^@^^A)iCCPicc^^@^^@xÚ•‘¿JÃP^^T‡¿^^[EÅ¡
                                                  V^^Hâàp'QPlÕÁŒI[Š X«C’­IC•...
A funny symbol that I can't read has just been input.
Continue, and I'll forget that it ever happened.

! Text line contains an invalid character.
l.4 ...^^@^^A)iCCPicc^^@^^@xÚ•‘¿JÃP^^T‡¿^^[EÅ¡V^^H
                                                  âàp'QPlÕÁŒI[Š X«C’­IC•Ò$Ü\...
A funny symbol that I can't read has just been input.
Continue, and I'll forget that it ever happened.

! Text line contains an invalid character.
l.4 ...^@^^A)iCCPicc^^@^^@xÚ•‘¿JÃP^^T‡¿^^[EÅ¡V^^Hâ
                                                  àp'QPlÕÁŒI[Š X«C’­IC•Ò$Ü\ÿ...
A funny symbol that I can't read has just been input.
Continue, and I'll forget that it ever happened.

! Text line contains an invalid character.
l.4 ...@^^A)iCCPicc^^@^^@xÚ•‘¿JÃP^^T‡¿^^[EÅ¡V^^Hâà
                                                  p'QPlÕÁŒI[Š X«C’­IC•Ò$Ü\ÿô...
A funny symbol that I can't read has just been input.
Continue, and I'll forget that it ever happened.

! Text line contains an invalid character.
l.4 ...CCPicc^^@^^@xÚ•‘¿JÃP^^T‡¿^^[EÅ¡V^^Hâàp'QPlÕ
                                                  ÁŒI[Š X«C’­IC•Ò$Ü\ÿô!^^\İ:...
A funny symbol that I can't read has just been input.
Continue, and I'll forget that it ever happened.

! Text line contains an invalid character.
l.4 ...CPicc^^@^^@xÚ•‘¿JÃP^^T‡¿^^[EÅ¡V^^Hâàp'QPlÕÁ
                                                  ŒI[Š X«C’­IC•Ò$Ü\ÿô!^^\İ:¸...
A funny symbol that I can't read has just been input.
Continue, and I'll forget that it ever happened.

! Text line contains an invalid character.
l.4 ...Picc^^@^^@xÚ•‘¿JÃP^^T‡¿^^[EÅ¡V^^Hâàp'QPlÕÁŒ
                                                  I[Š X«C’­IC•Ò$Ü\ÿô!^^\İ:¸¸...
A funny symbol that I can't read has just been input.
Continue, and I'll forget that it ever happened.

! Text line contains an invalid character.
l.4 ...c^^@^^@xÚ•‘¿JÃP^^T‡¿^^[EÅ¡V^^Hâàp'QPlÕÁŒI[Š
                                                   X«C’­IC•Ò$Ü\ÿô!^^\İ:¸¸û^^...
A funny symbol that I can't read has just been input.
Continue, and I'll forget that it ever happened.

! Text line contains an invalid character.
l.4 ...@^^@xÚ•‘¿JÃP^^T‡¿^^[EÅ¡V^^Hâàp'QPlÕÁŒI[Š X«
                                                  C’­IC•Ò$Ü\ÿô!^^\İ:¸¸û^^DN...
A funny symbol that I can't read has just been input.
Continue, and I'll forget that it ever happened.

! Text line contains an invalid character.
l.4 ...^@xÚ•‘¿JÃP^^T‡¿^^[EÅ¡V^^Hâàp'QPlÕÁŒI[Š X«C’
                                                  ­IC•Ò$Ü\ÿô!^^\İ:¸¸û^^DN‚ƒ...
A funny symbol that I can't read has just been input.
Continue, and I'll forget that it ever happened.

! Text line contains an invalid character.
l.4 ...@xÚ•‘¿JÃP^^T‡¿^^[EÅ¡V^^Hâàp'QPlÕÁŒI[Š X«C’­
                                                  IC•Ò$Ü\ÿô!^^\İ:¸¸û^^DN‚ƒâ...
A funny symbol that I can't read has just been input.
Continue, and I'll forget that it ever happened.

! Text line contains an invalid character.
l.4 ...•‘¿JÃP^^T‡¿^^[EÅ¡V^^Hâàp'QPlÕÁŒI[Š X«C’­IC•
                                                  Ò$Ü\ÿô!^^\İ:¸¸û^^DN‚ƒâ^^S...
A funny symbol that I can't read has just been input.
Continue, and I'll forget that it ever happened.

! Text line contains an invalid character.
l.4 ...‘¿JÃP^^T‡¿^^[EÅ¡V^^Hâàp'QPlÕÁŒI[Š X«C’­IC•Ò
                                                  $Ü\ÿô!^^\İ:¸¸û^^DN‚ƒâ^^Sø...
A funny symbol that I can't read has just been input.
Continue, and I'll forget that it ever happened.

! Text line contains an invalid character.
l.4 ...JÃP^^T‡¿^^[EÅ¡V^^Hâàp'QPlÕÁŒI[Š X«C’­IC•Ò$Ü
                                                  \ÿô!^^\İ:¸¸û^^DN‚ƒâ^^Sø^^...
A funny symbol that I can't read has just been input.
Continue, and I'll forget that it ever happened.

! Text line contains an invalid character.
l.4 ...P^^T‡¿^^[EÅ¡V^^Hâàp'QPlÕÁŒI[Š X«C’­IC•Ò$Ü\ÿ
                                                  ô!^^\İ:¸¸û^^DN‚ƒâ^^Sø^^FŠ...
A funny symbol that I can't read has just been input.
Continue, and I'll forget that it ever happened.

! Text line contains an invalid character.
l.4 ...^^T‡¿^^[EÅ¡V^^Hâàp'QPlÕÁŒI[Š X«C’­IC•Ò$Ü\ÿô
                                                  !^^\İ:¸¸û^^DN‚ƒâ^^Sø^^FŠS...
A funny symbol that I can't read has just been input.
Continue, and I'll forget that it ever happened.

! Text line contains an invalid character.
l.4 ...¿^^[EÅ¡V^^Hâàp'QPlÕÁŒI[Š X«C’­IC•Ò$Ü\ÿô!^^\
                                                  İ:¸¸û^^DN‚ƒâ^^Sø^^FŠS^^G‡...
A funny symbol that I can't read has just been input.
Continue, and I'll forget that it ever happened.

! Text line contains an invalid character.
l.4 ...^^[EÅ¡V^^Hâàp'QPlÕÁŒI[Š X«C’­IC•Ò$Ü\ÿô!^^\İ
                                                  :¸¸û^^DN‚ƒâ^^Sø^^FŠS^^G‡ ...
A funny symbol that I can't read has just been input.
Continue, and I'll forget that it ever happened.

! Text line contains an invalid character.
l.4 ...[EÅ¡V^^Hâàp'QPlÕÁŒI[Š X«C’­IC•Ò$Ü\ÿô!^^\İ:¸
                                                  ¸û^^DN‚ƒâ^^Sø^^FŠS^^G‡ Á©...
A funny symbol that I can't read has just been input.
Continue, and I'll forget that it ever happened.

! Text line contains an invalid character.
l.4 ...EÅ¡V^^Hâàp'QPlÕÁŒI[Š X«C’­IC•Ò$Ü\ÿô!^^\İ:¸¸
                                                  û^^DN‚ƒâ^^Sø^^FŠS^^G‡ Á©ô...
A funny symbol that I can't read has just been input.
Continue, and I'll forget that it ever happened.

! Text line contains an invalid character.
l.4 ...Å¡V^^Hâàp'QPlÕÁŒI[Š X«C’­IC•Ò$Ü\ÿô!^^\İ:¸¸û
                                                  ^^DN‚ƒâ^^Sø^^FŠS^^G‡ Á©ô›...
A funny symbol that I can't read has just been input.
Continue, and I'll forget that it ever happened.

! Text line contains an invalid character.
l.4 ...^^Hâàp'QPlÕÁŒI[Š X«C’­IC•Ò$Ü\ÿô!^^\İ:¸¸û^^D
                                                  N‚ƒâ^^Sø^^FŠS^^G‡ Á©ô›¾óã...
A funny symbol that I can't read has just been input.
Continue, and I'll forget that it ever happened.

! Text line contains an invalid character.
l.4 ...Hâàp'QPlÕÁŒI[Š X«C’­IC•Ò$Ü\ÿô!^^\İ:¸¸û^^DN
                                                  ‚ƒâ^^Sø^^FŠS^^G‡ Á©ô›¾óãp8...
A funny symbol that I can't read has just been input.
Continue, and I'll forget that it ever happened.

! Text line contains an invalid character.
l.4 ...âàp'QPlÕÁŒI[Š X«C’­IC•Ò$Ü\ÿô!^^\İ:¸¸û^^DN‚
                                                  ƒâ^^Sø^^FŠS^^G‡ Á©ô›¾óãp8‡...
A funny symbol that I can't read has just been input.
Continue, and I'll forget that it ever happened.

! Text line contains an invalid character.
l.4 ...àp'QPlÕÁŒI[Š X«C’­IC•Ò$Ü\ÿô!^^\İ:¸¸û^^DN‚ƒ
                                                  â^^Sø^^FŠS^^G‡ Á©ô›¾óãp8‡^...
A funny symbol that I can't read has just been input.
Continue, and I'll forget that it ever happened.

! Text line contains an invalid character.
l.4 ...p'QPlÕÁŒI[Š X«C’­IC•Ò$Ü\ÿô!^^\İ:¸¸û^^DN‚ƒâ
                                                  ^^Sø^^FŠS^^G‡ Á©ô›¾óãp8‡^^...
A funny symbol that I can't read has just been input.
Continue, and I'll forget that it ever happened.

! Text line contains an invalid character.
l.4 ...PlÕÁŒI[Š X«C’­IC•Ò$Ü\ÿô!^^\İ:¸¸û^^DN‚ƒâ^^S
                                                  ø^^FŠS^^G‡ Á©ô›¾óãp8‡^^CFÅ®;
A funny symbol that I can't read has just been input.
Continue, and I'll forget that it ever happened.

! Text line contains an invalid character.
l.4 ...lÕÁŒI[Š X«C’­IC•Ò$Ü\ÿô!^^\İ:¸¸û^^DN‚ƒâ^^Sø
                                                  ^^FŠS^^G‡ Á©ô›¾óãp8‡^^CFÅ®;
A funny symbol that I can't read has just been input.
Continue, and I'll forget that it ever happened.

! Text line contains an invalid character.
l.4 ...ŒI[Š X«C’­IC•Ò$Ü\ÿô!^^\İ:¸¸û^^DN‚ƒâ^^Sø^^F
                                                  ŠS^^G‡ Á©ô›¾óãp8‡^^CFÅ®;
A funny symbol that I can't read has just been input.
Continue, and I'll forget that it ever happened.

! Text line contains an invalid character.
l.4 ...I[Š X«C’­IC•Ò$Ü\ÿô!^^\İ:¸¸û^^DN‚ƒâ^^Sø^^FŠ
                                                  S^^G‡ Á©ô›¾óãp8‡^^CFÅ®;
A funny symbol that I can't read has just been input.
Continue, and I'll forget that it ever happened.

! Text line contains an invalid character.
l.4 ...X«C’­IC•Ò$Ü\ÿô!^^\İ:¸¸û^^DN‚ƒâ^^Sø^^FŠS^^G
                                                  ‡ Á©ô›¾óãp8‡^^CFÅ®;
A funny symbol that I can't read has just been input.
Continue, and I'll forget that it ever happened.

! Text line contains an invalid character.
l.4 ...«C’­IC•Ò$Ü\ÿô!^^\İ:¸¸û^^DN‚ƒâ^^Sø^^FŠS^^G‡
                                                   Á©ô›¾óãp8‡^^CFÅ®;
A funny symbol that I can't read has just been input.
Continue, and I'll forget that it ever happened.

! Text line contains an invalid character.
l.4 ...’­IC•Ò$Ü\ÿô!^^\İ:¸¸û^^DN‚ƒâ^^Sø^^FŠS^^G‡ Á
                                                  ©ô›¾óãp8‡^^CFÅ®;
A funny symbol that I can't read has just been input.
Continue, and I'll forget that it ever happened.

! Text line contains an invalid character.
l.4 ...­IC•Ò$Ü\ÿô!^^\İ:¸¸û^^DN‚ƒâ^^Sø^^FŠS^^G‡ Á©
                                                  ô›¾óãp8‡^^CFÅ®;
A funny symbol that I can't read has just been input.
Continue, and I'll forget that it ever happened.

! Text line contains an invalid character.
l.4 ...IC•Ò$Ü\ÿô!^^\İ:¸¸û^^DN‚ƒâ^^Sø^^FŠS^^G‡ Á©ô
                                                  ›¾óãp8‡^^CFÅ®;
A funny symbol that I can't read has just been input.
Continue, and I'll forget that it ever happened.

! Text line contains an invalid character.
l.4 ...C•Ò$Ü\ÿô!^^\İ:¸¸û^^DN‚ƒâ^^Sø^^FŠS^^G‡ Á©ô›
                                                  ¾óãp8‡^^CFÅ®;
A funny symbol that I can't read has just been input.
Continue, and I'll forget that it ever happened.

! Text line contains an invalid character.
l.4 ...•Ò$Ü\ÿô!^^\İ:¸¸û^^DN‚ƒâ^^Sø^^FŠS^^G‡ Á©ô›¾
                                                  óãp8‡^^CFÅ®;
A funny symbol that I can't read has just been input.
Continue, and I'll forget that it ever happened.

! Text line contains an invalid character.
l.4 ...Ò$Ü\ÿô!^^\İ:¸¸û^^DN‚ƒâ^^Sø^^FŠS^^G‡ Á©ô›¾ó
                                                  ãp8‡^^CFÅ®;
A funny symbol that I can't read has just been input.
Continue, and I'll forget that it ever happened.

! Text line contains an invalid character.
l.4 ...$Ü\ÿô!^^\İ:¸¸û^^DN‚ƒâ^^Sø^^FŠS^^G‡ Á©ô›¾óã
                                                  p8‡^^CFÅ®;
A funny symbol that I can't read has just been input.
Continue, and I'll forget that it ever happened.

! Text line contains an invalid character.
l.4 ...ÿô!^^\İ:¸¸û^^DN‚ƒâ^^Sø^^FŠS^^G‡ Á©ô›¾óãp8‡
                                                  ^^CFÅ®;
A funny symbol that I can't read has just been input.
Continue, and I'll forget that it ever happened.

! Text line contains an invalid character.
l.4 ...^^\İ:¸¸û^^DN‚ƒâ^^Sø^^FŠS^^G‡ Á©ô›¾óãp8‡^^C
                                                  FÅ®;
A funny symbol that I can't read has just been input.
Continue, and I'll forget that it ever happened.

! Text line contains an invalid character.
l.4 ...\İ:¸¸û^^DN‚ƒâ^^Sø^^FŠS^^G‡ Á©ô›¾óãp8‡^^CFÅ
                                                  ®;
A funny symbol that I can't read has just been input.
Continue, and I'll forget that it ever happened.

! Text line contains an invalid character.
l.4 ...İ:¸¸û^^DN‚ƒâ^^Sø^^FŠS^^G‡ Á©ô›¾óãp8‡^^CFÅ®
                                                  ;
A funny symbol that I can't read has just been input.
Continue, and I'll forget that it ever happened.

! Text line contains an invalid character.
l.5 £
     ^^LƒX«vÓ‘®çËùWæ˜^^A€N˜¥v«u^^D^^P'qÄ^^?^^Dü| ^^@Ş¶íºÓ`:^^VÃTi`^^Lìv£,^^D...
A funny symbol that I can't read has just been input.
Continue, and I'll forget that it ever happened.

! Text line contains an invalid character.
l.5 £^^Lƒ
         X«vÓ‘®çËùWæ˜^^A€N˜¥v«u^^D^^P'qÄ^^?^^Dü| ^^@Ş¶íºÓ`:^^VÃTi`^^Lìv£,^^D...
A funny symbol that I can't read has just been input.
Continue, and I'll forget that it ever happened.

! Text line contains an invalid character.
l.5 £^^LƒX«
           vÓ‘®çËùWæ˜^^A€N˜¥v«u^^D^^P'qÄ^^?^^Dü| ^^@Ş¶íºÓ`:^^VÃTi`^^Lìv£,^^D...
A funny symbol that I can't read has just been input.
Continue, and I'll forget that it ever happened.

! Text line contains an invalid character.
l.5 £^^LƒX«vÓ
             ‘®çËùWæ˜^^A€N˜¥v«u^^D^^P'qÄ^^?^^Dü| ^^@Ş¶íºÓ`:^^VÃTi`^^Lìv£,^^D...
A funny symbol that I can't read has just been input.
Continue, and I'll forget that it ever happened.

! Text line contains an invalid character.
l.5 £^^LƒX«vÓ‘
              ®çËùWæ˜^^A€N˜¥v«u^^D^^P'qÄ^^?^^Dü| ^^@Ş¶íºÓ`:^^VÃTi`^^Lìv£,^^D...
A funny symbol that I can't read has just been input.
Continue, and I'll forget that it ever happened.

! Text line contains an invalid character.
l.5 £^^LƒX«vÓ‘®
               çËùWæ˜^^A€N˜¥v«u^^D^^P'qÄ^^?^^Dü| ^^@Ş¶íºÓ`:^^VÃTi`^^Lìv£,^^D...
A funny symbol that I can't read has just been input.
Continue, and I'll forget that it ever happened.

! Text line contains an invalid character.
l.5 £^^LƒX«vÓ‘®ç
                ËùWæ˜^^A€N˜¥v«u^^D^^P'qÄ^^?^^Dü| ^^@Ş¶íºÓ`:^^VÃTi`^^Lìv£,^^D...
A funny symbol that I can't read has just been input.
Continue, and I'll forget that it ever happened.

! Text line contains an invalid character.
l.5 £^^LƒX«vÓ‘®çË
                 ùWæ˜^^A€N˜¥v«u^^D^^P'qÄ^^?^^Dü| ^^@Ş¶íºÓ`:^^VÃTi`^^Lìv£,^^D...
A funny symbol that I can't read has just been input.
Continue, and I'll forget that it ever happened.

! Text line contains an invalid character.
l.5 £^^LƒX«vÓ‘®çËù
                  Wæ˜^^A€N˜¥v«u^^D^^P'qÄ^^?^^Dü| ^^@Ş¶íºÓ`:^^VÃTi`^^Lìv£,^^D...
A funny symbol that I can't read has just been input.
Continue, and I'll forget that it ever happened.

! Text line contains an invalid character.
l.5 £^^LƒX«vÓ‘®çËùWæ
                    ˜^^A€N˜¥v«u^^D^^P'qÄ^^?^^Dü| ^^@Ş¶íºÓ`:^^VÃTi`^^Lìv£,^^D...
A funny symbol that I can't read has just been input.
Continue, and I'll forget that it ever happened.

! Text line contains an invalid character.
l.5 £^^LƒX«vÓ‘®çËùWæ˜
                     ^^A€N˜¥v«u^^D^^P'qÄ^^?^^Dü| ^^@Ş¶íºÓ`:^^VÃTi`^^Lìv£,^^D...
A funny symbol that I can't read has just been input.
Continue, and I'll forget that it ever happened.

! Text line contains an invalid character.
l.5 £^^LƒX«vÓ‘®çËùWæ˜^^A
                        €N˜¥v«u^^D^^P'qÄ^^?^^Dü| ^^@Ş¶íºÓ`:^^VÃTi`^^Lìv£,^^D...
A funny symbol that I can't read has just been input.
Continue, and I'll forget that it ever happened.

! Text line contains an invalid character.
l.5 £^^LƒX«vÓ‘®çËùWæ˜^^A€
                         N˜¥v«u^^D^^P'qÄ^^?^^Dü| ^^@Ş¶íºÓ`:^^VÃTi`^^Lìv£,^^D...
A funny symbol that I can't read has just been input.
Continue, and I'll forget that it ever happened.

! Text line contains an invalid character.
l.5 £^^LƒX«vÓ‘®çËùWæ˜^^A€N˜
                           ¥v«u^^D^^P'qÄ^^?^^Dü| ^^@Ş¶íºÓ`:^^VÃTi`^^Lìv£,^^D...
A funny symbol that I can't read has just been input.
Continue, and I'll forget that it ever happened.

! Text line contains an invalid character.
l.5 £^^LƒX«vÓ‘®çËùWæ˜^^A€N˜¥
                            v«u^^D^^P'qÄ^^?^^Dü| ^^@Ş¶íºÓ`:^^VÃTi`^^Lìv£,^^D...
A funny symbol that I can't read has just been input.
Continue, and I'll forget that it ever happened.

! Text line contains an invalid character.
l.5 £^^LƒX«vÓ‘®çËùWæ˜^^A€N˜¥v«
                              u^^D^^P'qÄ^^?^^Dü| ^^@Ş¶íºÓ`:^^VÃTi`^^Lìv£,^^D...
A funny symbol that I can't read has just been input.
Continue, and I'll forget that it ever happened.

! Text line contains an invalid character.
l.5 £^^LƒX«vÓ‘®çËùWæ˜^^A€N˜¥v«u^^D
                                  ^^P'qÄ^^?^^Dü| ^^@Ş¶íºÓ`:^^VÃTi`^^Lìv£,^^D...
A funny symbol that I can't read has just been input.
Continue, and I'll forget that it ever happened.

! Text line contains an invalid character.
l.5 £^^LƒX«vÓ‘®çËùWæ˜^^A€N˜¥v«u^^D^^P
                                     'qÄ^^?^^Dü| ^^@Ş¶íºÓ`:^^VÃTi`^^Lìv£,^^D...
A funny symbol that I can't read has just been input.
Continue, and I'll forget that it ever happened.

! Text line contains an invalid character.
l.5 £^^LƒX«vÓ‘®çËùWæ˜^^A€N˜¥v«u^^D^^P'qÄ
                                        ^^?^^Dü| ^^@Ş¶íºÓ`:^^VÃTi`^^Lìv£,^^D...
A funny symbol that I can't read has just been input.
Continue, and I'll forget that it ever happened.

! Text line contains an invalid character.
l.5 £^^LƒX«vÓ‘®çËùWæ˜^^A€N˜¥v«u^^D^^P'qÄ^^?
                                           ^^Dü| ^^@Ş¶íºÓ`:^^VÃTi`^^Lìv£,^^D...
A funny symbol that I can't read has just been input.
Continue, and I'll forget that it ever happened.

! Text line contains an invalid character.
l.5 £^^LƒX«vÓ‘®çËùWæ˜^^A€N˜¥v«u^^D^^P'qÄ^^?^^D
                                              ü| ^^@Ş¶íºÓ`:^^VÃTi`^^Lìv£,^^D...
A funny symbol that I can't read has just been input.
Continue, and I'll forget that it ever happened.

! Text line contains an invalid character.
l.5 £^^LƒX«vÓ‘®çËùWæ˜^^A€N˜¥v«u^^D^^P'qÄ^^?^^Dü
                                               | ^^@Ş¶íºÓ`:^^VÃTi`^^Lìv£,^^D...
A funny symbol that I can't read has just been input.
Continue, and I'll forget that it ever happened.

! Text line contains an invalid character.
l.5 ...X«vÓ‘®çËùWæ˜^^A€N˜¥v«u^^D^^P'qÄ^^?^^Dü| ^^@
                                                  Ş¶íºÓ`:^^VÃTi`^^Lìv£,^^DQ^...
A funny symbol that I can't read has just been input.
Continue, and I'll forget that it ever happened.

! Text line contains an invalid character.
l.5 ...«vÓ‘®çËùWæ˜^^A€N˜¥v«u^^D^^P'qÄ^^?^^Dü| ^^@Ş
                                                  ¶íºÓ`:^^VÃTi`^^Lìv£,^^DQ^^...
A funny symbol that I can't read has just been input.
Continue, and I'll forget that it ever happened.

! Text line contains an invalid character.
l.5 ...vÓ‘®çËùWæ˜^^A€N˜¥v«u^^D^^P'qÄ^^?^^Dü| ^^@Ş¶
                                                  íºÓ`:^^VÃTi`^^Lìv£,^^DQ^^A...
A funny symbol that I can't read has just been input.
Continue, and I'll forget that it ever happened.

! Text line contains an invalid character.
l.5 ...Ó‘®çËùWæ˜^^A€N˜¥v«u^^D^^P'qÄ^^?^^Dü| ^^@Ş¶í
                                                  ºÓ`:^^VÃTi`^^Lìv£,^^DQ^^Aú...
A funny symbol that I can't read has just been input.
Continue, and I'll forget that it ever happened.

! Text line contains an invalid character.
l.5 ...‘®çËùWæ˜^^A€N˜¥v«u^^D^^P'qÄ^^?^^Dü| ^^@Ş¶íº
                                                  Ó`:^^VÃTi`^^Lìv£,^^DQ^^Aú×...
A funny symbol that I can't read has just been input.
Continue, and I'll forget that it ever happened.

! Text line contains an invalid character.
l.5 ...®çËùWæ˜^^A€N˜¥v«u^^D^^P'qÄ^^?^^Dü| ^^@Ş¶íºÓ
                                                  `:^^VÃTi`^^Lìv£,^^DQ^^Aú×:...
A funny symbol that I can't read has just been input.
Continue, and I'll forget that it ever happened.

>> X.v.W.N.v.u'q|`
! Isolated expression.
<to be read again> 
                   :
l.5 ...ËùWæ˜^^A€N˜¥v«u^^D^^P'qÄ^^?^^Dü| ^^@Ş¶íºÓ`:
                                                  ^^VÃTi`^^Lìv£,^^DQ^^Aú×:Õ ...
I couldn't find an `=' or `:=' after the
expression that is shown above this error message,
so I guess I'll just ignore it and carry on.

! Extra tokens will be flushed.
<to be read again> 
                   :
l.5 ...ËùWæ˜^^A€N˜¥v«u^^D^^P'qÄ^^?^^Dü| ^^@Ş¶íºÓ`:
                                                  ^^VÃTi`^^Lìv£,^^DQ^^Aú×:Õ ...
I've just read as much of that statement as I could fathom,
so a semicolon should have been next. It's very puzzling...
but I'll try to get myself back together, by ignoring
everything up to the next `;'. Please insert a semicolon
now in front of anything that you don't want me to delete.
(See Chapter 27 of The METAFONTbook for an example.)

! Text line contains an invalid character.
l.5 ...æ˜^^A€N˜¥v«u^^D^^P'qÄ^^?^^Dü| ^^@Ş¶íºÓ`:^^V
                                                  ÃTi`^^Lìv£,^^DQ^^Aú×:Õ F€^...
A funny symbol that I can't read has just been input.
Continue, and I'll forget that it ever happened.

! Text line contains an invalid character.
l.5 ...˜^^A€N˜¥v«u^^D^^P'qÄ^^?^^Dü| ^^@Ş¶íºÓ`:^^VÃ
                                                  Ti`^^Lìv£,^^DQ^^Aú×:Õ F€^^YôS
A funny symbol that I can't read has just been input.
Continue, and I'll forget that it ever happened.

! Text line contains an invalid character.
l.5 ...¥v«u^^D^^P'qÄ^^?^^Dü| ^^@Ş¶íºÓ`:^^VÃTi`^^Lì
                                                  v£,^^DQ^^Aú×:Õ F€^^YôS
A funny symbol that I can't read has just been input.
Continue, and I'll forget that it ever happened.

! Text line contains an invalid character.
l.5 ...«u^^D^^P'qÄ^^?^^Dü| ^^@Ş¶íºÓ`:^^VÃTi`^^Lìv£
                                                  ,^^DQ^^Aú×:Õ F€^^YôS
A funny symbol that I can't read has just been input.
Continue, and I'll forget that it ever happened.

! Text line contains an invalid character.
l.5 ...D^^P'qÄ^^?^^Dü| ^^@Ş¶íºÓ`:^^VÃTi`^^Lìv£,^^D
                                                  Q^^Aú×:Õ F€^^YôS
A funny symbol that I can't read has just been input.
Continue, and I'll forget that it ever happened.

! Text line contains an invalid character.
l.5 ...'qÄ^^?^^Dü| ^^@Ş¶íºÓ`:^^VÃTi`^^Lìv£,^^DQ^^A
                                                  ú×:Õ F€^^YôS
A funny symbol that I can't read has just been input.
Continue, and I'll forget that it ever happened.

! Text line contains an invalid character.
l.5 ...qÄ^^?^^Dü| ^^@Ş¶íºÓ`:^^VÃTi`^^Lìv£,^^DQ^^Aú
                                                  ×:Õ F€^^YôS
A funny symbol that I can't read has just been input.
Continue, and I'll forget that it ever happened.

! Text line contains an invalid character.
l.5 ...Ä^^?^^Dü| ^^@Ş¶íºÓ`:^^VÃTi`^^Lìv£,^^DQ^^Aú×
                                                  :Õ F€^^YôS
A funny symbol that I can't read has just been input.
Continue, and I'll forget that it ever happened.

! Text line contains an invalid character.
l.5 ...^?^^Dü| ^^@Ş¶íºÓ`:^^VÃTi`^^Lìv£,^^DQ^^Aú×:Õ
                                                   F€^^YôS
A funny symbol that I can't read has just been input.
Continue, and I'll forget that it ever happened.

! Text line contains an invalid character.
l.5 ...^Dü| ^^@Ş¶íºÓ`:^^VÃTi`^^Lìv£,^^DQ^^Aú×:Õ F€
                                                  ^^YôS
A funny symbol that I can't read has just been input.
Continue, and I'll forget that it ever happened.

! Text line contains an invalid character.
l.5 ...| ^^@Ş¶íºÓ`:^^VÃTi`^^Lìv£,^^DQ^^Aú×:Õ F€^^Y
                                                  ôS
A funny symbol that I can't read has just been input.
Continue, and I'll forget that it ever happened.

! Text line contains an invalid character.
l.5 ... ^^@Ş¶íºÓ`:^^VÃTi`^^Lìv£,^^DQ^^Aú×:Õ F€^^Yô
                                                  S
A funny symbol that I can't read has just been input.
Continue, and I'll forget that it ever happened.

! Text line contains an invalid character.
l.6 â
     ^^Q0ÕY»^^Fâ^^Y(õr^^?^^GJAîŸ@I¹^^Oâ^^[0{®çƒ±^^@˜Aîk€©£^^[
A funny symbol that I can't read has just been input.
Continue, and I'll forget that it ever happened.

! Text line contains an invalid character.
l.6 â^^Q
        0ÕY»^^Fâ^^Y(õr^^?^^GJAîŸ@I¹^^Oâ^^[0{®çƒ±^^@˜Aîk€©£^^[
A funny symbol that I can't read has just been input.
Continue, and I'll forget that it ever happened.

! Text line contains an invalid character.
l.6 â^^Q0Õ
          Y»^^Fâ^^Y(õr^^?^^GJAîŸ@I¹^^Oâ^^[0{®çƒ±^^@˜Aîk€©£^^[
A funny symbol that I can't read has just been input.
Continue, and I'll forget that it ever happened.

! Text line contains an invalid character.
l.6 â^^Q0ÕY»
            ^^Fâ^^Y(õr^^?^^GJAîŸ@I¹^^Oâ^^[0{®çƒ±^^@˜Aîk€©£^^[
A funny symbol that I can't read has just been input.
Continue, and I'll forget that it ever happened.

! Text line contains an invalid character.
l.6 â^^Q0ÕY»^^F
               â^^Y(õr^^?^^GJAîŸ@I¹^^Oâ^^[0{®çƒ±^^@˜Aîk€©£^^[
A funny symbol that I can't read has just been input.
Continue, and I'll forget that it ever happened.

! Text line contains an invalid character.
l.6 â^^Q0ÕY»^^Fâ
                ^^Y(õr^^?^^GJAîŸ@I¹^^Oâ^^[0{®çƒ±^^@˜Aîk€©£^^[
A funny symbol that I can't read has just been input.
Continue, and I'll forget that it ever happened.

! Text line contains an invalid character.
l.6 â^^Q0ÕY»^^Fâ^^Y
                   (õr^^?^^GJAîŸ@I¹^^Oâ^^[0{®çƒ±^^@˜Aîk€©£^^[
A funny symbol that I can't read has just been input.
Continue, and I'll forget that it ever happened.

! Text line contains an invalid character.
l.6 â^^Q0ÕY»^^Fâ^^Y(õ
                     r^^?^^GJAîŸ@I¹^^Oâ^^[0{®çƒ±^^@˜Aîk€©£^^[
A funny symbol that I can't read has just been input.
Continue, and I'll forget that it ever happened.

! Text line contains an invalid character.
l.6 â^^Q0ÕY»^^Fâ^^Y(õr^^?
                         ^^GJAîŸ@I¹^^Oâ^^[0{®çƒ±^^@˜Aîk€©£^^[
A funny symbol that I can't read has just been input.
Continue, and I'll forget that it ever happened.

! Text line contains an invalid character.
l.6 â^^Q0ÕY»^^Fâ^^Y(õr^^?^^G
                            JAîŸ@I¹^^Oâ^^[0{®çƒ±^^@˜Aîk€©£^^[
A funny symbol that I can't read has just been input.
Continue, and I'll forget that it ever happened.

! Text line contains an invalid character.
l.6 â^^Q0ÕY»^^Fâ^^Y(õr^^?^^GJAî
                               Ÿ@I¹^^Oâ^^[0{®çƒ±^^@˜Aîk€©£^^[
A funny symbol that I can't read has just been input.
Continue, and I'll forget that it ever happened.

! Text line contains an invalid character.
l.6 â^^Q0ÕY»^^Fâ^^Y(õr^^?^^GJAîŸ
                                @I¹^^Oâ^^[0{®çƒ±^^@˜Aîk€©£^^[
A funny symbol that I can't read has just been input.
Continue, and I'll forget that it ever happened.

! Text line contains an invalid character.
l.6 â^^Q0ÕY»^^Fâ^^Y(õr^^?^^GJAîŸ@I¹
                                   ^^Oâ^^[0{®çƒ±^^@˜Aîk€©£^^[
A funny symbol that I can't read has just been input.
Continue, and I'll forget that it ever happened.

! Text line contains an invalid character.
l.6 â^^Q0ÕY»^^Fâ^^Y(õr^^?^^GJAîŸ@I¹
                                    ^^Oâ^^[0{®çƒ±^^@˜Aîk€©£^^[
A funny symbol that I can't read has just been input.
Continue, and I'll forget that it ever happened.

! Text line contains an invalid character.
l.6 â^^Q0ÕY»^^Fâ^^Y(õr^^?^^GJAîŸ@I¹^^O
                                       â^^[0{®çƒ±^^@˜Aîk€©£^^[
A funny symbol that I can't read has just been input.
Continue, and I'll forget that it ever happened.

! Text line contains an invalid character.
l.6 â^^Q0ÕY»^^Fâ^^Y(õr^^?^^GJAîŸ@I¹^^Oâ
                                        ^^[0{®çƒ±^^@˜Aîk€©£^^[
A funny symbol that I can't read has just been input.
Continue, and I'll forget that it ever happened.

! Text line contains an invalid character.
l.6 â^^Q0ÕY»^^Fâ^^Y(õr^^?^^GJAîŸ@I¹^^Oâ^^[
                                           0{®çƒ±^^@˜Aîk€©£^^[
A funny symbol that I can't read has just been input.
Continue, and I'll forget that it ever happened.

! Text line contains an invalid character.
l.6 â^^Q0ÕY»^^Fâ^^Y(õr^^?^^GJAîŸ@I¹^^Oâ^^[0{®
                                              çƒ±^^@˜Aîk€©£^^[
A funny symbol that I can't read has just been input.
Continue, and I'll forget that it ever happened.

! Text line contains an invalid character.
l.6 â^^Q0ÕY»^^Fâ^^Y(õr^^?^^GJAîŸ@I¹^^Oâ^^[0{®ç
                                               ƒ±^^@˜Aîk€©£^^[
A funny symbol that I can't read has just been input.
Continue, and I'll forget that it ever happened.

! Text line contains an invalid character.
l.6 â^^Q0ÕY»^^Fâ^^Y(õr^^?^^GJAîŸ@I¹^^Oâ^^[0{®çƒ
                                                ±^^@˜Aîk€©£^^[
A funny symbol that I can't read has just been input.
Continue, and I'll forget that it ever happened.

! Text line contains an invalid character.
l.6 â^^Q0ÕY»^^Fâ^^Y(õr^^?^^GJAîŸ@I¹^^Oâ^^[0{®çƒ±
                                                 ^^@˜Aîk€©£^^[
A funny symbol that I can't read has just been input.
Continue, and I'll forget that it ever happened.

! Text line contains an invalid character.
l.6 ...ÕY»^^Fâ^^Y(õr^^?^^GJAîŸ@I¹^^Oâ^^[0{®çƒ±^^@
                                                  ˜Aîk€©£^^[
A funny symbol that I can't read has just been input.
Continue, and I'll forget that it ever happened.

! Text line contains an invalid character.
l.6 ...Y»^^Fâ^^Y(õr^^?^^GJAîŸ@I¹^^Oâ^^[0{®çƒ±^^@˜
                                                  Aîk€©£^^[
A funny symbol that I can't read has just been input.
Continue, and I'll forget that it ever happened.

! Text line contains an invalid character.
l.6 ...^^Fâ^^Y(õr^^?^^GJAîŸ@I¹^^Oâ^^[0{®çƒ±^^@˜Aî
                                                  k€©£^^[
A funny symbol that I can't read has just been input.
Continue, and I'll forget that it ever happened.

! Text line contains an invalid character.
l.6 ...Fâ^^Y(õr^^?^^GJAîŸ@I¹^^Oâ^^[0{®çƒ±^^@˜Aîk€
                                                  ©£^^[
A funny symbol that I can't read has just been input.
Continue, and I'll forget that it ever happened.

! Text line contains an invalid character.
l.6 ...â^^Y(õr^^?^^GJAîŸ@I¹^^Oâ^^[0{®çƒ±^^@˜Aîk€©
                                                  £^^[
A funny symbol that I can't read has just been input.
Continue, and I'll forget that it ever happened.

! Text line contains an invalid character.
l.6 ...^^Y(õr^^?^^GJAîŸ@I¹^^Oâ^^[0{®çƒ±^^@˜Aîk€©£
                                                  ^^[
A funny symbol that I can't read has just been input.
Continue, and I'll forget that it ever happened.

! Text line contains an invalid character.
l.6 ...(õr^^?^^GJAîŸ@I¹^^Oâ^^[0{®çƒ±^^@˜Aîk€©£^^[
                                                  
A funny symbol that I can't read has just been input.
Continue, and I'll forget that it ever happened.

! Text line contains an invalid character.
l.7 PKÒ
       ¡ºèkYµ,KÚİ$ˆäé0ÓÑ “‡q˜¨4Q^^]^^]u|?^^@–óÆvÓ‘^^[UË:Øœòî‰¸/sû:A^^@bå¥È
A funny symbol that I can't read has just been input.
Continue, and I'll forget that it ever happened.

! Text line contains an invalid character.
l.7 PKÒ¡
        ºèkYµ,KÚİ$ˆäé0ÓÑ “‡q˜¨4Q^^]^^]u|?^^@–óÆvÓ‘^^[UË:Øœòî‰¸/sû:A^^@bå¥È
A funny symbol that I can't read has just been input.
Continue, and I'll forget that it ever happened.

! Text line contains an invalid character.
l.7 PKÒ¡º
         èkYµ,KÚİ$ˆäé0ÓÑ “‡q˜¨4Q^^]^^]u|?^^@–óÆvÓ‘^^[UË:Øœòî‰¸/sû:A^^@bå¥È
A funny symbol that I can't read has just been input.
Continue, and I'll forget that it ever happened.

! Text line contains an invalid character.
l.7 PKÒ¡ºè
          kYµ,KÚİ$ˆäé0ÓÑ “‡q˜¨4Q^^]^^]u|?^^@–óÆvÓ‘^^[UË:Øœòî‰¸/sû:A^^@bå¥È
A funny symbol that I can't read has just been input.
Continue, and I'll forget that it ever happened.

! Text line contains an invalid character.
l.7 PKÒ¡ºè
           kYµ,KÚİ$ˆäé0ÓÑ “‡q˜¨4Q^^]^^]u|?^^@–óÆvÓ‘^^[UË:Øœòî‰¸/sû:A^^@bå¥È
A funny symbol that I can't read has just been input.
Continue, and I'll forget that it ever happened.

! Text line contains an invalid character.
l.7 PKÒ¡ºèkYµ
              ,KÚİ$ˆäé0ÓÑ “‡q˜¨4Q^^]^^]u|?^^@–óÆvÓ‘^^[UË:Øœòî‰¸/sû:A^^@bå¥È
A funny symbol that I can't read has just been input.
Continue, and I'll forget that it ever happened.

! Text line contains an invalid character.
l.7 PKÒ¡ºèkYµ,KÚ
                 İ$ˆäé0ÓÑ “‡q˜¨4Q^^]^^]u|?^^@–óÆvÓ‘^^[UË:Øœòî‰¸/sû:A^^@bå¥È
A funny symbol that I can't read has just been input.
Continue, and I'll forget that it ever happened.

! Text line contains an invalid character.
l.7 PKÒ¡ºèkYµ,KÚİ
                  $ˆäé0ÓÑ “‡q˜¨4Q^^]^^]u|?^^@–óÆvÓ‘^^[UË:Øœòî‰¸/sû:A^^@bå¥È
A funny symbol that I can't read has just been input.
Continue, and I'll forget that it ever happened.

! Text line contains an invalid character.
l.7 PKÒ¡ºèkYµ,KÚİ$ˆ
                    äé0ÓÑ “‡q˜¨4Q^^]^^]u|?^^@–óÆvÓ‘^^[UË:Øœòî‰¸/sû:A^^@bå¥È
A funny symbol that I can't read has just been input.
Continue, and I'll forget that it ever happened.

! Text line contains an invalid character.
l.7 PKÒ¡ºèkYµ,KÚİ$ˆä
                     é0ÓÑ “‡q˜¨4Q^^]^^]u|?^^@–óÆvÓ‘^^[UË:Øœòî‰¸/sû:A^^@bå¥È
A funny symbol that I can't read has just been input.
Continue, and I'll forget that it ever happened.

! Text line contains an invalid character.
l.7 PKÒ¡ºèkYµ,KÚİ$ˆäé
                      0ÓÑ “‡q˜¨4Q^^]^^]u|?^^@–óÆvÓ‘^^[UË:Øœòî‰¸/sû:A^^@bå¥È
A funny symbol that I can't read has just been input.
Continue, and I'll forget that it ever happened.

! Text line contains an invalid character.
l.7 PKÒ¡ºèkYµ,KÚİ$ˆäé0Ó
                        Ñ “‡q˜¨4Q^^]^^]u|?^^@–óÆvÓ‘^^[UË:Øœòî‰¸/sû:A^^@bå¥È
A funny symbol that I can't read has just been input.
Continue, and I'll forget that it ever happened.

! Text line contains an invalid character.
l.7 PKÒ¡ºèkYµ,KÚİ$ˆäé0ÓÑ
                          “‡q˜¨4Q^^]^^]u|?^^@–óÆvÓ‘^^[UË:Øœòî‰¸/sû:A^^@bå¥È
A funny symbol that I can't read has just been input.
Continue, and I'll forget that it ever happened.

! Text line contains an invalid character.
l.7 PKÒ¡ºèkYµ,KÚİ$ˆäé0ÓÑ “
                           ‡q˜¨4Q^^]^^]u|?^^@–óÆvÓ‘^^[UË:Øœòî‰¸/sû:A^^@bå¥È
A funny symbol that I can't read has just been input.
Continue, and I'll forget that it ever happened.

! Text line contains an invalid character.
l.7 PKÒ¡ºèkYµ,KÚİ$ˆäé0ÓÑ “‡
                            q˜¨4Q^^]^^]u|?^^@–óÆvÓ‘^^[UË:Øœòî‰¸/sû:A^^@bå¥È
A funny symbol that I can't read has just been input.
Continue, and I'll forget that it ever happened.

! Text line contains an invalid character.
l.7 PKÒ¡ºèkYµ,KÚİ$ˆäé0ÓÑ “‡q˜
                              ¨4Q^^]^^]u|?^^@–óÆvÓ‘^^[UË:Øœòî‰¸/sû:A^^@bå¥È
A funny symbol that I can't read has just been input.
Continue, and I'll forget that it ever happened.

! Text line contains an invalid character.
l.7 PKÒ¡ºèkYµ,KÚİ$ˆäé0ÓÑ “‡q˜¨
                               4Q^^]^^]u|?^^@–óÆvÓ‘^^[UË:Øœòî‰¸/sû:A^^@bå¥È
A funny symbol that I can't read has just been input.
Continue, and I'll forget that it ever happened.

! Text line contains an invalid character.
l.7 PKÒ¡ºèkYµ,KÚİ$ˆäé0ÓÑ “‡q˜¨4Q^^]
                                    ^^]u|?^^@–óÆvÓ‘^^[UË:Øœòî‰¸/sû:A^^@bå¥È
A funny symbol that I can't read has just been input.
Continue, and I'll forget that it ever happened.

! Text line contains an invalid character.
l.7 PKÒ¡ºèkYµ,KÚİ$ˆäé0ÓÑ “‡q˜¨4Q^^]^^]
                                       u|?^^@–óÆvÓ‘^^[UË:Øœòî‰¸/sû:A^^@bå¥È
A funny symbol that I can't read has just been input.
Continue, and I'll forget that it ever happened.

! Text line contains an invalid character.
l.7 PKÒ¡ºèkYµ,KÚİ$ˆäé0ÓÑ “‡q˜¨4Q^^]^^]u
                                         |?^^@–óÆvÓ‘^^[UË:Øœòî‰¸/sû:A^^@bå¥È
A funny symbol that I can't read has just been input.
Continue, and I'll forget that it ever happened.

! Text line contains an invalid character.
l.7 PKÒ¡ºèkYµ,KÚİ$ˆäé0ÓÑ “‡q˜¨4Q^^]^^]u|?^^@
                                              –óÆvÓ‘^^[UË:Øœòî‰¸/sû:A^^@bå¥È
A funny symbol that I can't read has just been input.
Continue, and I'll forget that it ever happened.

! Text line contains an invalid character.
l.7 PKÒ¡ºèkYµ,KÚİ$ˆäé0ÓÑ “‡q˜¨4Q^^]^^]u|?^^@–
                                               óÆvÓ‘^^[UË:Øœòî‰¸/sû:A^^@bå¥È
A funny symbol that I can't read has just been input.
Continue, and I'll forget that it ever happened.

! Text line contains an invalid character.
l.7 PKÒ¡ºèkYµ,KÚİ$ˆäé0ÓÑ “‡q˜¨4Q^^]^^]u|?^^@–ó
                                                ÆvÓ‘^^[UË:Øœòî‰¸/sû:A^^@bå¥È
A funny symbol that I can't read has just been input.
Continue, and I'll forget that it ever happened.

! Text line contains an invalid character.
l.7 PKÒ¡ºèkYµ,KÚİ$ˆäé0ÓÑ “‡q˜¨4Q^^]^^]u|?^^@–óÆ
                                                 vÓ‘^^[UË:Øœòî‰¸/sû:A^^@bå¥È
A funny symbol that I can't read has just been input.
Continue, and I'll forget that it ever happened.

! Text line contains an invalid character.
l.7 ...ºèkYµ,KÚİ$ˆäé0ÓÑ “‡q˜¨4Q^^]^^]u|?^^@–óÆvÓ
                                                  ‘^^[UË:Øœòî‰¸/sû:A^^@bå¥È
A funny symbol that I can't read has just been input.
Continue, and I'll forget that it ever happened.

! Text line contains an invalid character.
l.7 ...èkYµ,KÚİ$ˆäé0ÓÑ “‡q˜¨4Q^^]^^]u|?^^@–óÆvÓ‘
                                                  ^^[UË:Øœòî‰¸/sû:A^^@bå¥È
A funny symbol that I can't read has just been input.
Continue, and I'll forget that it ever happened.

! Text line contains an invalid character.
l.7 ...Yµ,KÚİ$ˆäé0ÓÑ “‡q˜¨4Q^^]^^]u|?^^@–óÆvÓ‘^^[
                                                  UË:Øœòî‰¸/sû:A^^@bå¥È
A funny symbol that I can't read has just been input.
Continue, and I'll forget that it ever happened.

! Text line contains an invalid character.
l.7 ...,KÚİ$ˆäé0ÓÑ “‡q˜¨4Q^^]^^]u|?^^@–óÆvÓ‘^^[UË
                                                  :Øœòî‰¸/sû:A^^@bå¥È
A funny symbol that I can't read has just been input.
Continue, and I'll forget that it ever happened.

! Text line contains an invalid character.
l.7 ...Úİ$ˆäé0ÓÑ “‡q˜¨4Q^^]^^]u|?^^@–óÆvÓ‘^^[UË:Ø
                                                  œòî‰¸/sû:A^^@bå¥È
A funny symbol that I can't read has just been input.
Continue, and I'll forget that it ever happened.

! Text line contains an invalid character.
l.7 ...İ$ˆäé0ÓÑ “‡q˜¨4Q^^]^^]u|?^^@–óÆvÓ‘^^[UË:Øœ
                                                  òî‰¸/sû:A^^@bå¥È
(That makes 100 errors; please try again.)
